2024-04-25 05:43:47.192 [info] Log level: Info
2024-04-25 05:43:47.192 [info] Validating found git in: "git"
2024-04-25 05:43:47.192 [info] Using git "2.44.0" from "git"
2024-04-25 05:43:47.192 [info] > git rev-parse --show-toplevel [4ms]
2024-04-25 05:43:47.192 [info] fatal: not a git repository (or any of the parent directories): .git
2024-04-25 05:43:47.192 [info] > git rev-parse --show-toplevel [1ms]
2024-04-25 05:43:47.192 [info] fatal: not a git repository (or any of the parent directories): .git
2024-04-25 05:43:47.193 [info] > git rev-parse --show-toplevel [1ms]
2024-04-25 05:43:47.199 [info] > git rev-parse --git-dir --git-common-dir [1ms]
2024-04-25 05:43:47.208 [info] Open repository: /home/master/Development/js
2024-04-25 05:43:47.221 [info] > git rev-parse --show-toplevel [2ms]
2024-04-25 05:43:47.221 [info] fatal: not a git repository (or any of the parent directories): .git
2024-04-25 05:43:47.222 [info] > git config --get commit.template [8ms]
2024-04-25 05:43:47.230 [info] > git for-each-ref --format=%(refname)%00%(upstream:short)%00%(objectname)%00%(upstream:track)%00%(upstream:remotename)%00%(upstream:remoteref) refs/heads/feature/books refs/remotes/feature/books [2ms]
2024-04-25 05:43:47.237 [info] > git status -z -uall [1ms]
2024-04-25 05:43:47.249 [info] > git config --get commit.template [1ms]
2024-04-25 05:43:47.316 [info] > git for-each-ref --format=%(refname)%00%(upstream:short)%00%(objectname)%00%(upstream:track)%00%(upstream:remotename)%00%(upstream:remoteref) refs/heads/feature/books refs/remotes/feature/books [60ms]
2024-04-25 05:43:47.325 [info] > git status -z -uall [1ms]
2024-04-25 05:43:47.729 [info] > git check-ignore -v -z --stdin [1ms]
2024-04-25 05:43:55.890 [info] > git check-ignore -v -z --stdin [1ms]
2024-04-25 05:43:57.345 [info] > git check-ignore -v -z --stdin [1ms]
2024-04-25 05:43:58.009 [info] > git show --textconv :src/db.ts [7ms]
2024-04-25 05:43:58.012 [info] > git ls-files --stage -- /home/master/Development/js/src/db.ts [4ms]
2024-04-25 05:43:58.023 [info] > git cat-file -s 6a7d1b60a3bb518c66da307f28f2e6f7c3ab4d4c [4ms]
